Build started 5/16/2018 10:13:13 AM.
     1>Project "C:\Users\Dream\Documents\Visual Studio 2012\Projects\DataStructure\DataStructure\DataStructure.vcxproj" on node 2 (Build target(s)).
     1>ClCompile:
         C:\Program Files (x86)\Microsoft Visual Studio 11.0\VC\bin\CL.exe /c /Zi /nologo /W3 /WX- /O2 /Oi /Oy- /GL /D WIN32 /D NDEBUG /D _CONSOLE /D _UNICODE /D UNICODE /Gm- /EHsc /MD /GS /Gy /fp:precise /Zc:wchar_t /Zc:forScope /Fo"Release\\" /Fd"Release\vc110.pdb" /Gd /TP /analyze- /errorReport:prompt Source.cpp
         Source.cpp
     1>Source.cpp(137): warning C4018: '<' : signed/unsigned mismatch
     1>Source.cpp(352): warning C4101: 'Input' : unreferenced local variable
     1>Source.cpp(378): warning C4018: '<' : signed/unsigned mismatch
     1>Source.cpp(658): warning C4018: '<' : signed/unsigned mismatch
     1>Source.cpp(870): warning C4018: '>' : signed/unsigned mismatch
     1>Source.cpp(882): warning C4018: '<' : signed/unsigned mismatch
     1>Source.cpp(894): warning C4018: '<' : signed/unsigned mismatch
     1>Source.cpp(927): warning C4018: '<' : signed/unsigned mismatch
     1>Source.cpp(973): warning C4018: '>' : signed/unsigned mismatch
     1>Source.cpp(988): warning C4018: '<' : signed/unsigned mismatch
     1>Source.cpp(1053): warning C4018: '<' : signed/unsigned mismatch
     1>Source.cpp(1101): warning C4018: '<' : signed/unsigned mismatch
     1>Source.cpp(1124): warning C4018: '<' : signed/unsigned mismatch
     1>Source.cpp(1561): warning C4101: 'S' : unreferenced local variable
       Link:
         C:\Program Files (x86)\Microsoft Visual Studio 11.0\VC\bin\link.exe /ERRORREPORT:PROMPT /OUT:"C:\Users\Dream\Documents\Visual Studio 2012\Projects\DataStructure\Release\DataStructure.exe" /INCREMENTAL:NO /NOLOGO kernel32.lib user32.lib gdi32.lib winspool.lib comdlg32.lib advapi32.lib shell32.lib ole32.lib oleaut32.lib uuid.lib odbc32.lib odbccp32.lib /MANIFEST /MANIFESTUAC:"level='asInvoker' uiAccess='false'" /manifest:embed /DEBUG /PDB:"C:\Users\Dream\Documents\Visual Studio 2012\Projects\DataStructure\Release\DataStructure.pdb" /SUBSYSTEM:CONSOLE /OPT:REF /OPT:ICF /LTCG /TLBID:1 /DYNAMICBASE /NXCOMPAT /IMPLIB:"C:\Users\Dream\Documents\Visual Studio 2012\Projects\DataStructure\Release\DataStructure.lib" /MACHINE:X86 /SAFESEH Release\tinyxml2.obj
         Release\Source.obj
         Generating code
     1>c:\users\dream\documents\visual studio 2012\projects\datastructure\datastructure\source.cpp(167): warning C4715: 'GraphType::ReturnUser' : not all control paths return a value
         Finished generating code
         DataStructure.vcxproj -> C:\Users\Dream\Documents\Visual Studio 2012\Projects\DataStructure\Release\DataStructure.exe
     1>Done Building Project "C:\Users\Dream\Documents\Visual Studio 2012\Projects\DataStructure\DataStructure\DataStructure.vcxproj" (Build target(s)).

Build succeeded.

Time Elapsed 00:00:05.20
